<?xml version="1.0" encoding="UTF-8"?>
<!-- Generated by org.testng.reporters.JUnitXMLReporter -->
<testsuite ignored="4" hostname="Priyanka" failures="0" tests="1" name="Default test" time="2.166" errors="0" timestamp="2025-06-09T10:04:56 IST">
  <testcase classname="com.RestAPITestBDD.AuthTypes" name="OpenAuth2" time="2.124"/>
  <testcase classname="com.RestAPITestBDD.AuthTypes" name="testDigestAuth" time="0.0">
    <ignored/>
  </testcase> <!-- testDigestAuth -->
  <testcase classname="com.RestAPITestBDD.AuthTypes" name="testBearerToken" time="0.0">
    <ignored/>
  </testcase> <!-- testBearerToken -->
  <testcase classname="com.RestAPITestBDD.AuthTypes" name="testGenerateToken" time="0.0">
    <ignored/>
  </testcase> <!-- testGenerateToken -->
  <testcase classname="com.RestAPITestBDD.AuthTypes" name="basicAuth" time="0.0">
    <ignored/>
  </testcase> <!-- basicAuth -->
</testsuite> <!-- Default test -->
