<?xml version="1.0" encoding="UTF-8"?>
<!-- Generated by org.testng.reporters.JUnitXMLReporter -->
<testsuite ignored="0" hostname="Priyanka" failures="0" tests="24" name="Test" time="19.17" errors="0" timestamp="2025-06-27T22:27:01 IST">
  <testcase classname="com.RestAPITestBDD.HotelBookingAPIChaining" name="createBooking" time="5.518"/>
  <testcase classname="com.RestAPITestBDD.HotelBookingAPIChaining" name="getBookingdetails" time="1.08"/>
  <testcase classname="com.RestAPITestBDD.HotelBookingAPIChaining" name="createToken" time="1.069"/>
  <testcase classname="com.RestAPITestBDD.HotelBookingAPIChaining" name="fullBookingUpdate" time="1.082"/>
  <testcase classname="com.RestAPITestBDD.HotelBookingAPIChaining" name="partialUpdate" time="1.05"/>
  <testcase classname="com.RestAPITestBDD.HotelBookingAPIChaining" name="getUpdatedBookingdetails" time="1.064"/>
  <testcase classname="com.RestAPITestBDD.HotelBookingAPIChaining" name="deleteBooking" time="1.059"/>
  <testcase classname="com.RestAPITestBDD.TestSerializationdeserialization" name="testDeserialization" time="0.025"/>
  <testcase classname="com.RestAPITestBDD.TestSerializationdeserialization" name="testSerialization" time="0.003"/>
  <testcase classname="com.RestAPITestBDD.CookiesHeaderValidation" name="HeaderTest" time="0.202"/>
  <testcase classname="com.RestAPITestBDD.CookiesHeaderValidation" name="cookiesTest" time="0.162"/>
  <testcase classname="com.RestAPITestBDD.QueryPathParameterTest" name="requestUsingQueryPath" time="0.328"/>
  <testcase classname="com.RestAPITestBDD.JSONPayloadWays" name="usingJsonFile" time="0.392"/>
  <testcase classname="com.RestAPITestBDD.JSONPayloadWays" name="usingHashMap" time="0.368"/>
  <testcase classname="com.RestAPITestBDD.JSONPayloadWays" name="usingPOJO" time="0.338"/>
  <testcase classname="com.RestAPITestBDD.JSONPayloadWays" name="usingJSONObjectClass" time="0.347"/>
  <testcase classname="com.RestAPITestBDD.AuthTypes" name="OpenAuth2" time="0.281"/>
  <testcase classname="com.RestAPITestBDD.AuthTypes" name="basicAuth" time="0.946"/>
  <testcase classname="com.RestAPITestBDD.AuthTypes" name="testDigestAuth" time="0.865"/>
  <testcase classname="com.RestAPITestBDD.AuthTypes" name="testGenerateToken" time="1.251"/>
  <testcase classname="com.RestAPITestBDD.AuthTypes" name="testBearerToken" time="1.141"/>
  <testcase classname="com.RestAPITestBDD.FirstBDDRequest" name="getRequest" time="0.073"/>
  <testcase classname="com.RestAPITestBDD.FirstBDDRequest" name="listOfUsers" time="0.222"/>
  <testcase classname="com.RestAPITestBDD.FirstBDDRequest" name="testSingleUser" time="0.135"/>
</testsuite> <!-- Test -->
