<?xml version="1.0" encoding="UTF-8"?>
<testng-results ignored="0" total="24" passed="24" failed="0" skipped="0">
  <reporter-output>
  </reporter-output>
  <suite started-at="2025-06-27T22:26:41 IST" name="Suite" finished-at="2025-06-27T22:27:00 IST" duration-ms="19170">
    <groups>
    </groups>
    <test started-at="2025-06-27T22:26:41 IST" name="Test" finished-at="2025-06-27T22:27:00 IST" duration-ms="19170">
      <class name="com.RestAPITestBDD.QueryPathParameterTest">
        <test-method signature="requestUsingQueryPath()[pri:0, instance:com.RestAPITestBDD.QueryPathParameterTest@7dfb0c0f]" started-at="2025-06-27T22:26:54 IST" name="requestUsingQueryPath" finished-at="2025-06-27T22:26:54 IST" duration-ms="328" status="PASS">
          <reporter-output>
          </reporter-output>
        </test-method> <!-- requestUsingQueryPath -->
      </class> <!-- com.RestAPITestBDD.QueryPathParameterTest -->
      <class name="com.RestAPITestBDD.JSONPayloadWays">
        <test-method signature="usingJsonFile()[pri:0, instance:com.RestAPITestBDD.JSONPayloadWays@626abbd0]" started-at="2025-06-27T22:26:54 IST" name="usingJsonFile" finished-at="2025-06-27T22:26:54 IST" duration-ms="392" status="PASS">
          <reporter-output>
          </reporter-output>
        </test-method> <!-- usingJsonFile -->
        <test-method signature="usingHashMap()[pri:1, instance:com.RestAPITestBDD.JSONPayloadWays@626abbd0]" started-at="2025-06-27T22:26:54 IST" name="usingHashMap" finished-at="2025-06-27T22:26:55 IST" duration-ms="368" status="PASS">
          <reporter-output>
          </reporter-output>
        </test-method> <!-- usingHashMap -->
        <test-method signature="usingPOJO()[pri:2, instance:com.RestAPITestBDD.JSONPayloadWays@626abbd0]" started-at="2025-06-27T22:26:55 IST" name="usingPOJO" finished-at="2025-06-27T22:26:55 IST" duration-ms="338" status="PASS">
          <reporter-output>
          </reporter-output>
        </test-method> <!-- usingPOJO -->
        <test-method signature="usingJSONObjectClass()[pri:3, instance:com.RestAPITestBDD.JSONPayloadWays@626abbd0]" started-at="2025-06-27T22:26:55 IST" name="usingJSONObjectClass" finished-at="2025-06-27T22:26:55 IST" duration-ms="347" status="PASS">
          <reporter-output>
          </reporter-output>
        </test-method> <!-- usingJSONObjectClass -->
      </class> <!-- com.RestAPITestBDD.JSONPayloadWays -->
      <class name="com.RestAPITestBDD.TestSerializationdeserialization">
        <test-method signature="testDeserialization()[pri:0, instance:com.RestAPITestBDD.TestSerializationdeserialization@6933b6c6]" started-at="2025-06-27T22:26:53 IST" name="testDeserialization" finished-at="2025-06-27T22:26:53 IST" duration-ms="25" status="PASS">
          <reporter-output>
          </reporter-output>
        </test-method> <!-- testDeserialization -->
        <test-method signature="testSerialization()[pri:0, instance:com.RestAPITestBDD.TestSerializationdeserialization@6933b6c6]" started-at="2025-06-27T22:26:53 IST" name="testSerialization" finished-at="2025-06-27T22:26:53 IST" duration-ms="3" status="PASS">
          <reporter-output>
          </reporter-output>
        </test-method> <!-- testSerialization -->
      </class> <!-- com.RestAPITestBDD.TestSerializationdeserialization -->
      <class name="com.RestAPITestBDD.CookiesHeaderValidation">
        <test-method signature="HeaderTest()[pri:0, instance:com.RestAPITestBDD.CookiesHeaderValidation@7d3e8655]" started-at="2025-06-27T22:26:53 IST" name="HeaderTest" finished-at="2025-06-27T22:26:54 IST" duration-ms="202" status="PASS">
          <reporter-output>
          </reporter-output>
        </test-method> <!-- HeaderTest -->
        <test-method signature="cookiesTest()[pri:0, instance:com.RestAPITestBDD.CookiesHeaderValidation@7d3e8655]" started-at="2025-06-27T22:26:54 IST" name="cookiesTest" finished-at="2025-06-27T22:26:54 IST" duration-ms="162" status="PASS">
          <reporter-output>
          </reporter-output>
        </test-method> <!-- cookiesTest -->
      </class> <!-- com.RestAPITestBDD.CookiesHeaderValidation -->
      <class name="com.RestAPITestBDD.HotelBookingAPIChaining">
        <test-method signature="createBooking()[pri:1, instance:com.RestAPITestBDD.HotelBookingAPIChaining@1807f5a7]" started-at="2025-06-27T22:26:41 IST" name="createBooking" finished-at="2025-06-27T22:26:47 IST" duration-ms="5518" status="PASS">
          <reporter-output>
          </reporter-output>
        </test-method> <!-- createBooking -->
        <test-method signature="getBookingdetails()[pri:2, instance:com.RestAPITestBDD.HotelBookingAPIChaining@1807f5a7]" started-at="2025-06-27T22:26:47 IST" name="getBookingdetails" finished-at="2025-06-27T22:26:48 IST" depends-on-methods="com.RestAPITestBDD.HotelBookingAPIChaining.createBooking" duration-ms="1080" status="PASS">
          <reporter-output>
          </reporter-output>
        </test-method> <!-- getBookingdetails -->
        <test-method signature="createToken()[pri:3, instance:com.RestAPITestBDD.HotelBookingAPIChaining@1807f5a7]" started-at="2025-06-27T22:26:48 IST" name="createToken" finished-at="2025-06-27T22:26:49 IST" duration-ms="1069" status="PASS">
          <reporter-output>
          </reporter-output>
        </test-method> <!-- createToken -->
        <test-method signature="fullBookingUpdate()[pri:4, instance:com.RestAPITestBDD.HotelBookingAPIChaining@1807f5a7]" started-at="2025-06-27T22:26:49 IST" name="fullBookingUpdate" finished-at="2025-06-27T22:26:50 IST" duration-ms="1082" status="PASS">
          <reporter-output>
          </reporter-output>
        </test-method> <!-- fullBookingUpdate -->
        <test-method signature="partialUpdate()[pri:5, instance:com.RestAPITestBDD.HotelBookingAPIChaining@1807f5a7]" started-at="2025-06-27T22:26:50 IST" name="partialUpdate" finished-at="2025-06-27T22:26:51 IST" duration-ms="1050" status="PASS">
          <reporter-output>
          </reporter-output>
        </test-method> <!-- partialUpdate -->
        <test-method signature="getUpdatedBookingdetails()[pri:6, instance:com.RestAPITestBDD.HotelBookingAPIChaining@1807f5a7]" started-at="2025-06-27T22:26:51 IST" name="getUpdatedBookingdetails" finished-at="2025-06-27T22:26:52 IST" duration-ms="1064" status="PASS">
          <reporter-output>
          </reporter-output>
        </test-method> <!-- getUpdatedBookingdetails -->
        <test-method signature="deleteBooking()[pri:7, instance:com.RestAPITestBDD.HotelBookingAPIChaining@1807f5a7]" started-at="2025-06-27T22:26:52 IST" name="deleteBooking" finished-at="2025-06-27T22:26:53 IST" duration-ms="1059" status="PASS">
          <reporter-output>
          </reporter-output>
        </test-method> <!-- deleteBooking -->
      </class> <!-- com.RestAPITestBDD.HotelBookingAPIChaining -->
      <class name="com.RestAPITestBDD.FirstBDDRequest">
        <test-method signature="getRequest()[pri:0, instance:com.RestAPITestBDD.FirstBDDRequest@1f9e9475]" started-at="2025-06-27T22:27:00 IST" name="getRequest" finished-at="2025-06-27T22:27:00 IST" duration-ms="73" status="PASS">
          <reporter-output>
          </reporter-output>
        </test-method> <!-- getRequest -->
        <test-method signature="listOfUsers()[pri:0, instance:com.RestAPITestBDD.FirstBDDRequest@1f9e9475]" started-at="2025-06-27T22:27:00 IST" name="listOfUsers" finished-at="2025-06-27T22:27:00 IST" duration-ms="222" status="PASS">
          <reporter-output>
          </reporter-output>
        </test-method> <!-- listOfUsers -->
        <test-method signature="testSingleUser()[pri:0, instance:com.RestAPITestBDD.FirstBDDRequest@1f9e9475]" started-at="2025-06-27T22:27:00 IST" name="testSingleUser" finished-at="2025-06-27T22:27:00 IST" duration-ms="135" status="PASS">
          <reporter-output>
          </reporter-output>
        </test-method> <!-- testSingleUser -->
      </class> <!-- com.RestAPITestBDD.FirstBDDRequest -->
      <class name="com.RestAPITestBDD.AuthTypes">
        <test-method signature="OpenAuth2()[pri:0, instance:com.RestAPITestBDD.AuthTypes@169bb4dd]" started-at="2025-06-27T22:26:55 IST" name="OpenAuth2" finished-at="2025-06-27T22:26:56 IST" duration-ms="281" status="PASS">
          <reporter-output>
          </reporter-output>
        </test-method> <!-- OpenAuth2 -->
        <test-method signature="basicAuth()[pri:1, instance:com.RestAPITestBDD.AuthTypes@169bb4dd]" started-at="2025-06-27T22:26:56 IST" name="basicAuth" finished-at="2025-06-27T22:26:57 IST" duration-ms="946" status="PASS">
          <reporter-output>
          </reporter-output>
        </test-method> <!-- basicAuth -->
        <test-method signature="testDigestAuth()[pri:2, instance:com.RestAPITestBDD.AuthTypes@169bb4dd]" started-at="2025-06-27T22:26:57 IST" name="testDigestAuth" finished-at="2025-06-27T22:26:58 IST" duration-ms="865" status="PASS">
          <reporter-output>
          </reporter-output>
        </test-method> <!-- testDigestAuth -->
        <test-method signature="testGenerateToken()[pri:3, instance:com.RestAPITestBDD.AuthTypes@169bb4dd]" started-at="2025-06-27T22:26:58 IST" name="testGenerateToken" finished-at="2025-06-27T22:26:59 IST" duration-ms="1251" status="PASS">
          <reporter-output>
          </reporter-output>
        </test-method> <!-- testGenerateToken -->
        <test-method signature="testBearerToken()[pri:4, instance:com.RestAPITestBDD.AuthTypes@169bb4dd]" started-at="2025-06-27T22:26:59 IST" name="testBearerToken" finished-at="2025-06-27T22:27:00 IST" depends-on-methods="com.RestAPITestBDD.AuthTypes.testGenerateToken" duration-ms="1141" status="PASS">
          <reporter-output>
          </reporter-output>
        </test-method> <!-- testBearerToken -->
      </class> <!-- com.RestAPITestBDD.AuthTypes -->
    </test> <!-- Test -->
  </suite> <!-- Suite -->
</testng-results>
